+------------------+
|DAYNAME(CURDATE())|
+------------------+
|Wednesday         |
+------------------+
+---------------------+
|DAYOFMONTH(CURDATE())|
+---------------------+
|28                   |
+---------------------+
+--------------------+
|DAYOFWEEK(CURDATE())|
+--------------------+
|4                   |
+--------------------+
+--------------------+
|DAYOFYEAR(CURDATE())|
+--------------------+
|87                  |
+--------------------+
+------------------+
|ENCRYPT(CURDATE())|
+------------------+
|Lwy/MwRJ8fciY     |
+------------------+
+------------------------+
|FROM_UNIXTIME(CURDATE())|
+------------------------+
|1970-08-21 00:05:28.0   |
+------------------------+
+---------------+
|HOUR(CURDATE())|
+---------------+
|0              |
+---------------+
+-----------------+
|MINUTE(CURDATE())|
+-----------------+
|20               |
+-----------------+
+----------------+
|MONTH(CURDATE())|
+----------------+
|3               |
+----------------+
+--------------------+
|MONTHNAME(CURDATE())|
+--------------------+
|March               |
+--------------------+
+-----------------------------------------+
|PASSWORD(CURDATE())                      |
+-----------------------------------------+
|*5BA6835F893E9DAFE25CC3344A65E802666BA43A|
+-----------------------------------------+
+------------------+
|QUARTER(CURDATE())|
+------------------+
|1                 |
+------------------+
+-----------------+
|SECOND(CURDATE())|
+-----------------+
|7                |
+-----------------+
+----------------------+
|TIME_TO_SEC(CURDATE())|
+----------------------+
|1207                  |
+----------------------+
+------------------+
|TO_DAYS(CURDATE())|
+------------------+
|733128            |
+------------------+
+---------------+
|WEEK(CURDATE())|
+---------------+
|12             |
+---------------+
+------------------+
|WEEKDAY(CURDATE())|
+------------------+
|2                 |
+------------------+
+---------------+
|YEAR(CURDATE())|
+---------------+
|2007           |
+---------------+

