+----------+
|DATABASE()|
+----------+
|inftest   |
+----------+
+-------------+
|USER()       |
+-------------+
|inf@rtitanium|
+-------------+
+-------------+
|SYSTEM_USER()|
+-------------+
|inf@rtitanium|
+-------------+
+--------------+
|SESSION_USER()|
+--------------+
|inf@rtitanium |
+--------------+
+----------------+
|LAST_INSERT_ID()|
+----------------+
|0               |
+----------------+
+----------+
|VERSION() |
+----------+
|5.0.27-max|
+----------+
+----------+
|CURDATE() |
+----------+
|2007-03-28|
+----------+
+--------------+
|CURRENT_DATE()|
+--------------+
|2007-03-28    |
+--------------+
+---------+
|CURTIME()|
+---------+
|10:58:35 |
+---------+
+--------------+
|CURRENT_TIME()|
+--------------+
|10:58:35      |
+--------------+
+---------------------+
|NOW()                |
+---------------------+
|2007-03-28 10:58:35.0|
+---------------------+
+---------------------+
|SYSDATE()            |
+---------------------+
|2007-03-28 10:58:35.0|
+---------------------+
+---------------------+
|CURRENT_TIMESTAMP()  |
+---------------------+
|2007-03-28 10:58:35.0|
+---------------------+
+----------------+
|UNIX_TIMESTAMP()|
+----------------+
|1175104715      |
+----------------+

